2025-12-07 16:12:38,025 [INFO] --- NEW HIGH-SCALE REQUEST: https://www.youtube.com/watch?v=T-qyNFjZaQs ---
2025-12-07 16:12:39,087 [INFO] [yt-dlp] [youtube] Extracting URL: https://www.youtube.com/watch?v=T-qyNFjZaQs
2025-12-07 16:12:39,088 [INFO] [yt-dlp] [youtube] T-qyNFjZaQs: Downloading webpage
2025-12-07 16:12:41,150 [INFO] [yt-dlp] [youtube] T-qyNFjZaQs: Downloading tv downgraded player API JSON
2025-12-07 16:12:41,554 [INFO] [yt-dlp] [youtube] T-qyNFjZaQs: Downloading web safari player API JSON
2025-12-07 16:12:41,927 [INFO] [yt-dlp] [youtube] T-qyNFjZaQs: Downloading player 4e11051b-main
2025-12-07 16:12:42,111 [INFO] [yt-dlp] [youtube] [jsc:deno] Solving JS challenges using deno
2025-12-07 16:12:44,257 [INFO] [yt-dlp] [youtube] T-qyNFjZaQs: Downloading m3u8 information
2025-12-07 16:16:46,742 [INFO] --- NEW HIGH-SCALE REQUEST: https://www.youtube.com/watch?v=T-qyNFjZaQs ---
2025-12-07 16:16:47,690 [INFO] [yt-dlp] [youtube] Extracting URL: https://www.youtube.com/watch?v=T-qyNFjZaQs
2025-12-07 16:16:47,691 [INFO] [yt-dlp] [youtube] T-qyNFjZaQs: Downloading webpage
2025-12-07 16:16:49,750 [INFO] [yt-dlp] [youtube] T-qyNFjZaQs: Downloading tv downgraded player API JSON
2025-12-07 16:16:50,075 [INFO] [yt-dlp] [youtube] T-qyNFjZaQs: Downloading web safari player API JSON
2025-12-07 16:16:50,503 [INFO] [yt-dlp] [youtube] T-qyNFjZaQs: Downloading player 4e11051b-main
2025-12-07 16:16:50,694 [INFO] [yt-dlp] [youtube] [jsc:deno] Solving JS challenges using deno
2025-12-07 16:16:52,834 [INFO] [yt-dlp] [youtube] T-qyNFjZaQs: Downloading m3u8 information
2025-12-07 16:16:56,534 [INFO] --- NEW HIGH-SCALE REQUEST: https://www.youtube.com/watch?v=T-qyNFjZaQs ---
2025-12-07 16:16:56,683 [INFO] [yt-dlp] [youtube] Extracting URL: https://www.youtube.com/watch?v=T-qyNFjZaQs
2025-12-07 16:16:56,685 [INFO] [yt-dlp] [youtube] T-qyNFjZaQs: Downloading webpage
2025-12-07 16:16:58,755 [INFO] [yt-dlp] [youtube] T-qyNFjZaQs: Downloading tv downgraded player API JSON
2025-12-07 16:16:59,060 [INFO] [yt-dlp] [youtube] T-qyNFjZaQs: Downloading web safari player API JSON
2025-12-07 16:16:59,644 [INFO] [yt-dlp] [youtube] T-qyNFjZaQs: Downloading player 4e11051b-main
2025-12-07 16:16:59,826 [INFO] [yt-dlp] [youtube] [jsc:deno] Solving JS challenges using deno
2025-12-07 16:17:01,888 [INFO] [yt-dlp] [youtube] T-qyNFjZaQs: Downloading m3u8 information
2025-12-07 16:17:16,605 [INFO] --- NEW HIGH-SCALE REQUEST: https://www.youtube.com/watch?v=T-qyNFjZaQs ---
2025-12-07 16:17:17,743 [INFO] [yt-dlp] [youtube] Extracting URL: https://www.youtube.com/watch?v=T-qyNFjZaQs
2025-12-07 16:17:17,745 [INFO] [yt-dlp] [youtube] T-qyNFjZaQs: Downloading webpage
2025-12-07 16:17:19,975 [INFO] [yt-dlp] [youtube] T-qyNFjZaQs: Downloading tv downgraded player API JSON
2025-12-07 16:17:20,260 [INFO] [yt-dlp] [youtube] T-qyNFjZaQs: Downloading web safari player API JSON
2025-12-07 16:17:20,591 [INFO] [yt-dlp] [youtube] T-qyNFjZaQs: Downloading player 4e11051b-main
2025-12-07 16:17:20,792 [INFO] [yt-dlp] [youtube] [jsc:deno] Solving JS challenges using deno
2025-12-07 16:17:22,874 [INFO] [yt-dlp] [youtube] T-qyNFjZaQs: Downloading m3u8 information
2025-12-07 16:19:47,643 [INFO] --- NEW HIGH-SCALE REQUEST: https://www.youtube.com/watch?v=T-qyNFjZaQs ---
2025-12-07 16:19:48,667 [INFO] [yt-dlp] [youtube] Extracting URL: https://www.youtube.com/watch?v=T-qyNFjZaQs
2025-12-07 16:19:48,668 [INFO] [yt-dlp] [youtube] T-qyNFjZaQs: Downloading webpage
2025-12-07 16:19:50,766 [INFO] [yt-dlp] [youtube] T-qyNFjZaQs: Downloading tv downgraded player API JSON
2025-12-07 16:19:51,226 [INFO] [yt-dlp] [youtube] T-qyNFjZaQs: Downloading web safari player API JSON
2025-12-07 16:19:51,606 [INFO] [yt-dlp] [youtube] T-qyNFjZaQs: Downloading player 4e11051b-main
2025-12-07 16:19:51,790 [INFO] [yt-dlp] [youtube] [jsc:deno] Solving JS challenges using deno
2025-12-07 16:19:53,943 [INFO] [yt-dlp] [youtube] T-qyNFjZaQs: Downloading m3u8 information
2025-12-07 16:29:42,462 [INFO] Async stream closed.
2025-12-07 17:51:15,256 [INFO] --- NEW HIGH-SCALE REQUEST: https://www.youtube.com/watch?v=Fv0leN8TmR8 ---
2025-12-07 17:51:15,447 [INFO] [yt-dlp] [youtube] Extracting URL: https://www.youtube.com/watch?v=Fv0leN8TmR8
2025-12-07 17:51:15,449 [INFO] [yt-dlp] [youtube] Fv0leN8TmR8: Downloading webpage
2025-12-07 17:51:18,339 [INFO] [yt-dlp] [youtube] Fv0leN8TmR8: Downloading tv downgraded player API JSON
2025-12-07 17:51:18,980 [INFO] [yt-dlp] [youtube] Fv0leN8TmR8: Downloading web safari player API JSON
2025-12-07 17:51:19,543 [INFO] [yt-dlp] [youtube] Fv0leN8TmR8: Downloading player 4e11051b-main
2025-12-07 17:51:20,985 [INFO] [yt-dlp] [youtube] [jsc:deno] Solving JS challenges using deno
2025-12-07 17:51:23,702 [INFO] [yt-dlp] [youtube] Fv0leN8TmR8: Downloading m3u8 information
2025-12-07 17:51:28,179 [INFO] Async stream closed.
